Determining if the pthread_create exist failed with the following output:
Change Dir: /home/gzy/catkin_ws/src/imu_node/build/CMakeFiles/CMakeTmp

Run Build Command:/usr/bin/make "cmTryCompileExec2645710324/fast"
/usr/bin/make -f CMakeFiles/cmTryCompileExec2645710324.dir/build.make CMakeFiles/cmTryCompileExec2645710324.dir/build
make[1]: Entering directory `/home/gzy/catkin_ws/src/imu_node/build/CMakeFiles/CMakeTmp'
/usr/bin/cmake -E cmake_progress_report /home/gzy/catkin_ws/src/imu_node/build/CMakeFiles/CMakeTmp/CMakeFiles 1
Building C object CMakeFiles/cmTryCompileExec2645710324.dir/CheckSymbolExists.c.o
/usr/bin/cc    -o CMakeFiles/cmTryCompileExec2645710324.dir/CheckSymbolExists.c.o   -c /home/gzy/catkin_ws/src/imu_node/build/CMakeFiles/CMakeTmp/CheckSymbolExists.c
Linking C executable cmTryCompileExec2645710324
/usr/bin/cmake -E cmake_link_script CMakeFiles/cmTryCompileExec2645710324.dir/link.txt --verbose=1
/usr/bin/cc       CMakeFiles/cmTryCompileExec2645710324.dir/CheckSymbolExists.c.o  -o cmTryCompileExec2645710324 -rdynamic 
CMakeFiles/cmTryCompileExec2645710324.dir/CheckSymbolExists.c.o: In function `main':
CheckSymbolExists.c:(.text+0x16): undefined reference to `pthread_create'
collect2: error: ld returned 1 exit status
make[1]: Leaving directory `/home/gzy/catkin_ws/src/imu_node/build/CMakeFiles/CMakeTmp'
make[1]: *** [cmTryCompileExec2645710324] Error 1
make: *** [cmTryCompileExec2645710324/fast] Error 2

File /home/gzy/catkin_ws/src/imu_node/build/CMakeFiles/CMakeTmp/CheckSymbolExists.c:
/* */
#include <pthread.h>

int main(int argc, char** argv)
{
  (void)argv;
#ifndef pthread_create
  return ((int*)(&pthread_create))[argc];
#else
  (void)argc;
  return 0;
#endif
}

Determining if the function pthread_create exists in the pthreads failed with the following output:
Change Dir: /home/gzy/catkin_ws/src/imu_node/build/CMakeFiles/CMakeTmp

Run Build Command:/usr/bin/make "cmTryCompileExec1980279110/fast"
/usr/bin/make -f CMakeFiles/cmTryCompileExec1980279110.dir/build.make CMakeFiles/cmTryCompileExec1980279110.dir/build
make[1]: Entering directory `/home/gzy/catkin_ws/src/imu_node/build/CMakeFiles/CMakeTmp'
/usr/bin/cmake -E cmake_progress_report /home/gzy/catkin_ws/src/imu_node/build/CMakeFiles/CMakeTmp/CMakeFiles 1
Building C object CMakeFiles/cmTryCompileExec1980279110.dir/CheckFunctionExists.c.o
/usr/bin/cc   -DCHECK_FUNCTION_EXISTS=pthread_create   -o CMakeFiles/cmTryCompileExec1980279110.dir/CheckFunctionExists.c.o   -c /usr/share/cmake-2.8/Modules/CheckFunctionExists.c
Linking C executable cmTryCompileExec1980279110
/usr/bin/cmake -E cmake_link_script CMakeFiles/cmTryCompileExec1980279110.dir/link.txt --verbose=1
/usr/bin/cc   -DCHECK_FUNCTION_EXISTS=pthread_create    CMakeFiles/cmTryCompileExec1980279110.dir/CheckFunctionExists.c.o  -o cmTryCompileExec1980279110 -rdynamic -lpthreads 
/usr/bin/ld: cannot find -lpthreads
collect2: error: ld returned 1 exit status
make[1]: Leaving directory `/home/gzy/catkin_ws/src/imu_node/build/CMakeFiles/CMakeTmp'
make[1]: *** [cmTryCompileExec1980279110] Error 1
make: *** [cmTryCompileExec1980279110/fast] Error 2


